<?xml version="1.0" encoding="UTF-8"?>
<!-- Generated by org.testng.reporters.JUnitReportReporter -->
<testsuite skipped="0" hostname="Radetov-PC" name="tests.HomePageTest" tests="1" failures="0" timestamp="2020-04-05T18:56:01 CEST" time="0.855" errors="0">
  <testcase name="EnterTheStore" time="0.855" classname="tests.HomePageTest"/>
</testsuite> <!-- tests.HomePageTest -->
