<?xml version="1.0" encoding="UTF-8"?>
<!-- Generated by org.testng.reporters.JUnitReportReporter -->
<testsuite skipped="0" hostname="Radetov-PC" name="_13_3_2020.Zadatak3" tests="1" failures="0" timestamp="2020-03-23T20:09:59 CET" time="8.346" errors="0">
  <testcase name="navValidLinks" time="8.346" classname="_13_3_2020.Zadatak3"/>
</testsuite> <!-- _13_3_2020.Zadatak3 -->
