<?xml version="1.0" encoding="UTF-8"?>
<!-- Generated by org.testng.reporters.JUnitReportReporter -->
<testsuite skipped="0" hostname="Radetov-PC" name="tests.HomePageTests" tests="1" failures="0" timestamp="2020-04-05T00:37:24 CEST" time="40.693" errors="0">
  <testcase name="EnterPageTest" time="40.693" classname="tests.HomePageTests"/>
</testsuite> <!-- tests.HomePageTests -->
