<?xml version="1.0" encoding="UTF-8"?>
<!-- Generated by org.testng.reporters.JUnitReportReporter -->
<testsuite skipped="0" hostname="Radetov-PC" name="tests.CartPageTest" tests="2" failures="0" timestamp="2020-04-05T19:06:37 CEST" time="7.092" errors="0">
  <testcase name="addItemsTest" time="6.781" classname="tests.CartPageTest"/>
  <testcase name="deleteCookies" time="0.311" classname="tests.CartPageTest"/>
</testsuite> <!-- tests.CartPageTest -->
