<?xml version="1.0" encoding="UTF-8"?>
<!-- Generated by org.testng.reporters.JUnitReportReporter -->
<testsuite skipped="0" hostname="Radetov-PC" name="tests.SignInPageTest" tests="1" failures="0" timestamp="2020-04-05T19:02:12 CEST" time="44.273" errors="0">
  <testcase name="signInTestOneUserExcel" time="44.273" classname="tests.SignInPageTest"/>
</testsuite> <!-- tests.SignInPageTest -->
