<?xml version="1.0" encoding="UTF-8"?>
<!-- Generated by org.testng.reporters.JUnitReportReporter -->
<testsuite skipped="0" hostname="Radetov-PC" name="domaci_17_3_testiranje.FreeShippingTest" tests="1" failures="0" timestamp="2020-03-23T05:23:05 CET" time="11.948" errors="0">
  <testcase name="workFreeShipping" time="11.948" classname="domaci_17_3_testiranje.FreeShippingTest"/>
</testsuite> <!-- domaci_17_3_testiranje.FreeShippingTest -->
