<?xml version="1.0" encoding="UTF-8"?>
<!-- Generated by org.testng.reporters.JUnitReportReporter -->
<testsuite skipped="0" hostname="Radetov-PC" name="domaci_13_3_2020.Zadatak1" tests="1" failures="0" timestamp="2020-03-22T16:31:08 CET" time="7.931" errors="0">
  <testcase name="isAdded" time="7.931" classname="domaci_13_3_2020.Zadatak1"/>
</testsuite> <!-- domaci_13_3_2020.Zadatak1 -->
