<?xml version="1.0" encoding="UTF-8"?>
<!-- Generated by org.testng.reporters.JUnitReportReporter -->
<testsuite skipped="0" hostname="Radetov-PC" name="_16_3_2020.LoginTest" tests="1" failures="0" timestamp="2020-04-04T21:12:17 CEST" time="3.567" errors="0">
  <testcase name="loginTest" time="3.567" classname="_16_3_2020.LoginTest"/>
</testsuite> <!-- _16_3_2020.LoginTest -->
