<?xml version="1.0" encoding="UTF-8"?>
<!-- Generated by org.testng.reporters.JUnitReportReporter -->
<testsuite skipped="0" hostname="Radetov-PC" name="_13_3_2020.Zadatak2" tests="1" failures="0" timestamp="2020-03-23T20:08:55 CET" time="8.873" errors="0">
  <testcase name="loginTest" time="8.873" classname="_13_3_2020.Zadatak2"/>
</testsuite> <!-- _13_3_2020.Zadatak2 -->
