<?xml version="1.0" encoding="UTF-8"?>
<!-- Generated by org.testng.reporters.JUnitReportReporter -->
<testsuite skipped="0" hostname="Radetov-PC" name="testngproject11.Zadatak2" tests="1" failures="0" timestamp="2020-03-16T01:26:02 CET" time="8.747" errors="0">
  <testcase name="loginTest" time="8.747" classname="testngproject11.Zadatak2"/>
</testsuite> <!-- testngproject11.Zadatak2 -->
