<?xml version="1.0" encoding="UTF-8"?>
<!-- Generated by org.testng.reporters.JUnitReportReporter -->
<testsuite skipped="0" hostname="Radetov-PC" name="testngproject11.Zadatak3" tests="1" failures="0" timestamp="2020-03-16T01:27:18 CET" time="7.979" errors="0">
  <testcase name="navValidLinks" time="7.979" classname="testngproject11.Zadatak3"/>
</testsuite> <!-- testngproject11.Zadatak3 -->
