<?xml version="1.0" encoding="UTF-8"?>
<!-- Generated by org.testng.reporters.JUnitReportReporter -->
<testsuite skipped="0" hostname="Radetov-PC" name="domaci_16_3_testiranje.SearchBarTest" tests="1" failures="0" timestamp="2020-03-23T01:38:45 CET" time="4.417" errors="0">
  <testcase name="testingbar" time="4.417" classname="domaci_16_3_testiranje.SearchBarTest"/>
</testsuite> <!-- domaci_16_3_testiranje.SearchBarTest -->
