<?xml version="1.0" encoding="UTF-8"?>
<!-- Generated by org.testng.reporters.JUnitReportReporter -->
<testsuite skipped="0" hostname="Radetov-PC" name="tests.PetStoreMenuPageTest" tests="3" failures="0" timestamp="2020-04-05T18:57:54 CEST" time="10.310" errors="0">
  <testcase name="linksVerification" time="4.213" classname="tests.PetStoreMenuPageTest"/>
  <testcase name="categoryVerification" time="5.728" classname="tests.PetStoreMenuPageTest"/>
  <testcase name="singInButtonTest" time="0.369" classname="tests.PetStoreMenuPageTest"/>
</testsuite> <!-- tests.PetStoreMenuPageTest -->
