<?xml version="1.0" encoding="UTF-8"?>
<!-- Generated by org.testng.reporters.JUnitReportReporter -->
<testsuite skipped="0" hostname="Radetov-PC" name="domaci_13_3_2020.Zadatak3" tests="1" failures="0" timestamp="2020-03-22T20:54:35 CET" time="10.762" errors="0">
  <testcase name="logedOut" time="10.762" classname="domaci_13_3_2020.Zadatak3"/>
</testsuite> <!-- domaci_13_3_2020.Zadatak3 -->
