<?xml version="1.0" encoding="UTF-8"?>
<!-- Generated by org.testng.reporters.JUnitReportReporter -->
<testsuite skipped="0" hostname="Radetov-PC" name="tests.RegistrationPageTest" tests="1" failures="0" timestamp="2020-04-05T19:05:40 CEST" time="159.513" errors="0">
  <testcase name="RegistrationTesting" time="159.513" classname="tests.RegistrationPageTest"/>
</testsuite> <!-- tests.RegistrationPageTest -->
